[debug] [2022-07-06T15:09:30.650Z] ----------------------------------------------------------------------
[debug] [2022-07-06T15:09:30.651Z] Command:       C:\Program Files\nodejs\node.exe C:\Users\yashg\AppData\Roaming\npm\node_modules\firebase-tools\lib\bin\firebase.js init
[debug] [2022-07-06T15:09:30.652Z] CLI Version:   11.2.0
[debug] [2022-07-06T15:09:30.652Z] Platform:      win32
[debug] [2022-07-06T15:09:30.652Z] Node Version:  v16.14.0
[debug] [2022-07-06T15:09:30.653Z] Time:          Wed Jul 06 2022 20:39:30 GMT+0530 (India Standard Time)
[debug] [2022-07-06T15:09:30.653Z] ----------------------------------------------------------------------
[debug] 
[debug] [2022-07-06T15:09:30.710Z] > command requires scopes: ["email","openid","https://www.googleapis.com/auth/cloudplatformprojects.readonly","https://www.googleapis.com/auth/firebase","https://www.googleapis.com/auth/cloud-platform"]
[debug] [2022-07-06T15:09:30.711Z] > authorizing via signed-in user (yashgadwar@gmail.com)
[info] 
     ######## #### ########  ######## ########     ###     ######  ########
     ##        ##  ##     ## ##       ##     ##  ##   ##  ##       ##
     ######    ##  ########  ######   ########  #########  ######  ######
     ##        ##  ##    ##  ##       ##     ## ##     ##       ## ##
     ##       #### ##     ## ######## ########  ##     ##  ######  ########

You're about to initialize a Firebase project in this directory:

  C:\xampp\htdocs\guruji\public

Before we get started, keep in mind:

  * You are currently outside your home directory
  * You are initializing within an existing Firebase project directory

[info] 
=== Project Setup
[info] 
[info] First, let's associate this project directory with a Firebase project.
[info] You can create multiple project aliases by running firebase use --add, 
[info] but for now we'll just set up a default project.
[info] 
[debug] [2022-07-06T15:09:50.403Z] Using project from CLI flag: guruji-fd6ee
[debug] [2022-07-06T15:09:50.405Z] >>> [apiv2][query] GET https://firebase.googleapis.com/v1beta1/projects/guruji-fd6ee [none]
[debug] [2022-07-06T15:09:50.957Z] <<< [apiv2][status] GET https://firebase.googleapis.com/v1beta1/projects/guruji-fd6ee 200
[debug] [2022-07-06T15:09:50.958Z] <<< [apiv2][body] GET https://firebase.googleapis.com/v1beta1/projects/guruji-fd6ee {"projectId":"guruji-fd6ee","projectNumber":"625884952749","displayName":"guruji","name":"projects/guruji-fd6ee","resources":{"hostingSite":"guruji-fd6ee"},"state":"ACTIVE"}
[info] i  Using project guruji-fd6ee (guruji) 
[info] 
=== Hosting Setup
[info] 
[info] Your public directory is the folder (relative to your project directory) that
[info] will contain Hosting assets to be uploaded with firebase deploy. If you
[info] have a build process for your assets, use your build's output directory.
[info] 
[info] +  Wrote y/404.html 
[debug] [2022-07-06T15:10:00.517Z] >>> [apiv2][query] GET https://www.gstatic.com/firebasejs/releases.json [none]
[debug] [2022-07-06T15:10:00.694Z] <<< [apiv2][status] GET https://www.gstatic.com/firebasejs/releases.json 200
[debug] [2022-07-06T15:10:00.694Z] <<< [apiv2][body] GET https://www.gstatic.com/firebasejs/releases.json {"current":{"version":"9.8.4","browserURL":"https://www.gstatic.com/firebasejs/9.8.4/firebase.js","packageURL":"https://www.gstatic.com/firebasejs/9.8.4/firebase.tgz"},"live":{"version":"9.8","browserURL":"https://www.gstatic.com/firebasejs/live/9.8/firebase.js","packageURL":"https://www.gstatic.com/firebasejs/live/9.8/firebase.tgz"},"components":{"analytics":"https://www.gstatic.com/firebasejs/9.8.4/firebase-analytics.js","app":"https://www.gstatic.com/firebasejs/9.8.4/firebase-app.js","app-check":"https://www.gstatic.com/firebasejs/9.8.4/firebase-app-check.js","auth":"https://www.gstatic.com/firebasejs/9.8.4/firebase-auth.js","auth/cordova":"https://www.gstatic.com/firebasejs/9.8.4/firebase-auth/cordova.js","auth/react-native":"https://www.gstatic.com/firebasejs/9.8.4/firebase-auth/react-native.js","functions":"https://www.gstatic.com/firebasejs/9.8.4/firebase-functions.js","firestore":"https://www.gstatic.com/firebasejs/9.8.4/firebase-firestore.js","firestore/lite":"https://www.gstatic.com/firebasejs/9.8.4/firebase-firestore/lite.js","storage":"https://www.gstatic.com/firebasejs/9.8.4/firebase-storage.js","performance":"https://www.gstatic.com/firebasejs/9.8.4/firebase-performance.js","remote-config":"https://www.gstatic.com/firebasejs/9.8.4/firebase-remote-config.js","messaging":"https://www.gstatic.com/firebasejs/9.8.4/firebase-messaging.js","messaging/sw":"https://www.gstatic.com/firebasejs/9.8.4/firebase-messaging/sw.js","database":"https://www.gstatic.com/firebasejs/9.8.4/firebase-database.js","firestore.memory":"https://www.gstatic.com/firebasejs/9.8.4/firebase-firestore.memory.js"}}
[info] +  Wrote y/index.html 
[info] 
[info] i  Didn't detect a .git folder. Assuming C:\xampp\htdocs\guruji\public is the project root. 
[info] i  Authorizing with GitHub to upload your service account to a GitHub repository's secrets store. 
[info] 
[info] Visit this URL on this device to log in:
[info] https://github.com/login/oauth/authorize?client_id=89cf50f02ac6aaed3484&state=197766544&redirect_uri=http%3A%2F%2Flocalhost%3A9005&scope=read%3Auser%20repo%20public_repo
[info] 
[info] Waiting for authentication...
[debug] [2022-07-06T15:10:15.797Z] >>> [apiv2][query] POST https://github.com/login/oauth/access_token [none]
[debug] [2022-07-06T15:10:15.798Z] >>> [apiv2][body] POST https://github.com/login/oauth/access_token [stream]
[debug] [2022-07-06T15:10:16.210Z] <<< [apiv2][status] POST https://github.com/login/oauth/access_token 200
[debug] [2022-07-06T15:10:16.210Z] <<< [apiv2][body] POST https://github.com/login/oauth/access_token {"access_token":"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","token_type":"bearer","scope":"read:user,repo"}
[debug] [2022-07-06T15:10:16.215Z] >>> [apiv2][query] GET https://api.github.com/user [none]
[debug] [2022-07-06T15:10:16.685Z] <<< [apiv2][status] GET https://api.github.com/user 200
[debug] [2022-07-06T15:10:16.685Z] <<< [apiv2][body] GET https://api.github.com/user {"login":"Yashgadwal","id":86285880,"node_id":"MDQ6VXNlcjg2Mjg1ODgw","avatar_url":"https://avatars.githubusercontent.com/u/86285880?v=4","gravatar_id":"","url":"https://api.github.com/users/Yashgadwal","html_url":"https://github.com/Yashgadwal","followers_url":"https://api.github.com/users/Yashgadwal/followers","following_url":"https://api.github.com/users/Yashgadwal/following{/other_user}","gists_url":"https://api.github.com/users/Yashgadwal/gists{/gist_id}","starred_url":"https://api.github.com/users/Yashgadwal/starred{/owner}{/repo}","subscriptions_url":"https://api.github.com/users/Yashgadwal/subscriptions","organizations_url":"https://api.github.com/users/Yashgadwal/orgs","repos_url":"https://api.github.com/users/Yashgadwal/repos","events_url":"https://api.github.com/users/Yashgadwal/events{/privacy}","received_events_url":"https://api.github.com/users/Yashgadwal/received_events","type":"User","site_admin":false,"name":"YG","company":null,"blog":"","location":null,"email":null,"hireable":null,"bio":null,"twitter_username":null,"public_repos":18,"public_gists":0,"followers":1,"following":2,"created_at":"2021-06-22T06:57:56Z","updated_at":"2022-05-23T14:48:36Z","private_gists":3,"total_private_repos":2,"owned_private_repos":2,"disk_usage":69427,"collaborators":0,"two_factor_authentication":false,"plan":{"name":"free","space":976562499,"collaborators":0,"private_repos":10000}}
[info] 
[info] +  Success! Logged into GitHub as Yashgadwal 
[info] 
[debug] [2022-07-06T15:10:30.813Z] >>> [apiv2][query] GET https://api.github.com/repos//actions/secrets/public-key type=owner
[debug] [2022-07-06T15:10:31.157Z] <<< [apiv2][status] GET https://api.github.com/repos//actions/secrets/public-key 404
[debug] [2022-07-06T15:10:31.157Z] <<< [apiv2][body] GET https://api.github.com/repos//actions/secrets/public-key {"message":"Not Found","documentation_url":"https://docs.github.com/rest"}
[debug] [2022-07-06T15:11:35.875Z] Error: kill ENOSYS
    at process.kill (node:internal/process/per_thread:220:13)
    at process.listener (C:\Users\yashg\AppData\Roaming\npm\node_modules\firebase-tools\node_modules\signal-exit\index.js:95:15)
    at process.emit (node:events:520:28)
[error] 
[error] Error: An unexpected error has occurred.
